<?xml version="1.0" encoding="UTF-8"?>
<testsuite xmlns:xsi="http://www.w3.org/2001/XMLSchema-instance" xsi:noNamespaceSchemaLocation="https://maven.apache.org/surefire/maven-surefire-plugin/xsd/surefire-test-report.xsd" version="3.0.2" name="edu.psu.se411.model.StackTest" time="0.167" tests="0" errors="0" skipped="0" failures="0">
  <properties>
[...]
</properties>
  <testcase name="constructorCapacityValidation_ZeroOrNegativeCapacity_DefaultBranchTaken" classname="Branching Logic Tests" time="0.032"/>
  <testcase name="constructorCapacityValidation_PositiveCapacity_BranchTaken" classname="Branching Logic Tests" time="0.0"/>
  <testcase name="popEmptyCheck_NonEmptyStackBranch_ElementReturned" classname="Branching Logic Tests" time="0.0"/>
  <testcase name="popEmptyCheck_EmptyStackBranch_ExceptionThrown" classname="Branching Logic Tests" time="0.0"/>
  <testcase name="constructorWithCapacityOne_CreatesStack" classname="Constructor Tests" time="0.001"/>
  <testcase name="constructorWithNegativeCapacity_DefaultsToTen" classname="Constructor Tests" time="0.0"/>
  <testcase name="defaultConstructor_CreatesStack" classname="Constructor Tests" time="0.0"/>
  <testcase name="constructorWithZeroCapacity_DefaultsToTen" classname="Constructor Tests" time="0.0"/>
  <testcase name="constructorWithPositiveCapacity_CreatesStack" classname="Constructor Tests" time="0.0"/>
  <testcase name="pop_NullValue_ReturnsNull" classname="Pop Method Tests" time="0.0"/>
  <testcase name="pop_WithMixedNullAndNonNull_MaintainsLIFOOrder" classname="Pop Method Tests" time="0.005"/>
  <testcase name="pop_SingleElement_ReturnsElement" classname="Pop Method Tests" time="0.002"/>
  <testcase name="pop_AllElements_UntilEmpty" classname="Pop Method Tests" time="0.004"/>
  <testcase name="pop_WithSmallInitialCapacity_WorksCorrectly" classname="Pop Method Tests" time="0.002"/>
  <testcase name="pop_EmptyStack_HasCorrectExceptionMessage" classname="Pop Method Tests" time="0.003"/>
  <testcase name="pop_EmptyStack_ThrowsNoSuchElementException" classname="Pop Method Tests" time="0.003"/>
  <testcase name="pop_AfterExhaustingAndRefilling_MaintainsLIFO" classname="Pop Method Tests" time="0.0"/>
  <testcase name="pop_MultipleElements_ReturnsInLIFOOrder" classname="Pop Method Tests" time="0.0"/>
  <testcase name="pop_EmptyStack_ExceptionTypeIsExact" classname="Pop Method Tests" time="0.002"/>
  <testcase name="push_MultipleNullValues_AreAllowed" classname="Push Method Tests" time="0.0"/>
  <testcase name="push_BeyondInitialCapacity_StackExpands" classname="Push Method Tests" time="0.0"/>
  <testcase name="push_NullValue_IsAllowed" classname="Push Method Tests" time="0.0"/>
  <testcase name="push_MultipleElements_InSequence" classname="Push Method Tests" time="0.004"/>
  <testcase name="push_SingleElement_OnEmptyStack" classname="Push Method Tests" time="0.0"/>
  <testcase name="push_AfterPop_UpdatesStateCorrectly" classname="Push Method Tests" time="0.0"/>
  <testcase name="push_VariousIntegerValues" classname="Push Method Tests" time="0.0"/>
  <testcase name="multipleStacks_AreIndependent" classname="State and Multi-Call Tests" time="0.013"/>
  <testcase name="interleavedPushPop_MaintainsCorrectState" classname="State and Multi-Call Tests" time="0.002"/>
  <testcase name="pushPopPattern_StateRemainConsistent" classname="State and Multi-Call Tests" time="0.0"/>
  <testcase name="stackWithDifferentTypes_WorksIndependently" classname="State and Multi-Call Tests" time="0.0"/>
  <testcase name="complexOperationSequence_StateCorrect" classname="State and Multi-Call Tests" time="0.0"/>
</testsuite>